# JRE version: Java(TM) SE Runtime Environment (17.0.11+7) (build 17.0.11+7-LTS-207)
# Java VM: Java HotSpot(TM) 64-Bit Server VM (17.0.11+7-LTS-207, mixed mode, sharing, tiered, compressed oops, compressed class ptrs, g1 gc, windows-amd64)
GC Precious Log:
 CPUs: 4 total, 4 available
 Memory: 3863M
 Large Page Support: Disabled
 NUMA Support: Disabled
 Compressed Oops: Enabled (32-bit)
 Heap Region Size: 1M
 Heap Min Capacity: 8M
 Heap Initial Capacity: 62M
 Heap Max Capacity: 966M
 Pre-touch: Disabled
 Parallel Workers: 4
 Concurrent Workers: 1
 Concurrent Refinement Workers: 4
 Periodic GC: Disabled
Heap:
 garbage-first heap   total 122880K, used 78778K [0x00000000c3a00000, 0x0000000100000000)
  region size 1024K, 5 young (5120K), 4 survivors (4096K)
 Metaspace       used 19316K, committed 19584K, reserved 1114112K
  class space    used 2120K, committed 2240K, reserved 1048576K
GC Heap History (20 events):
Event: 3.944 GC heap before
{Heap before GC invocations=5 (full 0):
 garbage-first heap   total 102400K, used 60227K [0x00000000c3a00000, 0x0000000100000000)
  region size 1024K, 2 young (2048K), 1 survivors (1024K)
 Metaspace       used 6895K, committed 7104K, reserved 1114112K
  class space    used 703K, committed 832K, reserved 1048576K
}
Event: 3.945 GC heap after
{Heap after GC invocations=6 (full 0):
 garbage-first heap   total 102400K, used 15154K [0x00000000c3a00000, 0x0000000100000000)
  region size 1024K, 1 young (1024K), 1 survivors (1024K)
 Metaspace       used 6895K, committed 7104K, reserved 1114112K
  class space    used 703K, committed 832K, reserved 1048576K
}
Event: 5.518 GC heap before
{Heap before GC invocations=6 (full 0):
 garbage-first heap   total 102400K, used 46898K [0x00000000c3a00000, 0x0000000100000000)
  region size 1024K, 3 young (3072K), 1 survivors (1024K)
 Metaspace       used 8199K, committed 8384K, reserved 1114112K
  class space    used 886K, committed 1024K, reserved 1048576K
}
Event: 5.519 GC heap after
{Heap after GC invocations=7 (full 0):
 garbage-first heap   total 102400K, used 43997K [0x00000000c3a00000, 0x0000000100000000)
  region size 1024K, 1 young (1024K), 1 survivors (1024K)
 Metaspace       used 8199K, committed 8384K, reserved 1114112K
  class space    used 886K, committed 1024K, reserved 1048576K
}
Event: 5.557 GC heap before
{Heap before GC invocations=7 (full 0):
 garbage-first heap   total 102400K, used 47069K [0x00000000c3a00000, 0x0000000100000000)
  region size 1024K, 4 young (4096K), 1 survivors (1024K)
 Metaspace       used 8205K, committed 8384K, reserved 1114112K
  class space    used 886K, committed 1024K, reserved 1048576K
}
Event: 5.558 GC heap after
{Heap after GC invocations=8 (full 0):
 garbage-first heap   total 102400K, used 14492K [0x00000000c3a00000, 0x0000000100000000)
  region size 1024K, 1 young (1024K), 1 survivors (1024K)
 Metaspace       used 8205K, committed 8384K, reserved 1114112K
  class space    used 886K, committed 1024K, reserved 1048576K
}
Event: 40.750 GC heap before
{Heap before GC invocations=8 (full 0):
 garbage-first heap   total 102400K, used 61596K [0x00000000c3a00000, 0x0000000100000000)
  region size 1024K, 31 young (31744K), 1 survivors (1024K)
 Metaspace       used 18004K, committed 18176K, reserved 1114112K
  class space    used 2018K, committed 2112K, reserved 1048576K
}
Event: 40.756 GC heap after
{Heap after GC invocations=9 (full 0):
 garbage-first heap   total 122880K, used 34755K [0x00000000c3a00000, 0x0000000100000000)
  region size 1024K, 4 young (4096K), 4 survivors (4096K)
 Metaspace       used 18004K, committed 18176K, reserved 1114112K
  class space    used 2018K, committed 2112K, reserved 1048576K
}
Event: 42.319 GC heap before
{Heap before GC invocations=9 (full 0):
 garbage-first heap   total 122880K, used 76739K [0x00000000c3a00000, 0x0000000100000000)
  region size 1024K, 26 young (26624K), 4 survivors (4096K)
 Metaspace       used 18064K, committed 18240K, reserved 1114112K
  class space    used 2021K, committed 2112K, reserved 1048576K
}
Event: 42.326 GC heap after
{Heap after GC invocations=10 (full 0):
 garbage-first heap   total 122880K, used 57017K [0x00000000c3a00000, 0x0000000100000000)
  region size 1024K, 4 young (4096K), 4 survivors (4096K)
 Metaspace       used 18064K, committed 18240K, reserved 1114112K
  class space    used 2021K, committed 2112K, reserved 1048576K
}
Event: 88.041 GC heap before
{Heap before GC invocations=10 (full 0):
 garbage-first heap   total 122880K, used 67257K [0x00000000c3a00000, 0x0000000100000000)
  region size 1024K, 7 young (7168K), 4 survivors (4096K)
 Metaspace       used 18373K, committed 18560K, reserved 1114112K
  class space    used 2062K, committed 2176K, reserved 1048576K
}
Event: 88.073 GC heap after
{Heap after GC invocations=11 (full 0):
 garbage-first heap   total 122880K, used 65588K [0x00000000c3a00000, 0x0000000100000000)
  region size 1024K, 2 young (2048K), 2 survivors (2048K)
 Metaspace       used 18373K, committed 18560K, reserved 1114112K
  class space    used 2062K, committed 2176K, reserved 1048576K
}
Event: 146.987 GC heap before
{Heap before GC invocations=12 (full 0):
 garbage-first heap   total 122880K, used 72756K [0x00000000c3a00000, 0x0000000100000000)
  region size 1024K, 9 young (9216K), 2 survivors (2048K)
 Metaspace       used 18888K, committed 19136K, reserved 1114112K
  class space    used 2115K, committed 2240K, reserved 1048576K
}
Event: 146.988 GC heap after
{Heap after GC invocations=13 (full 0):
 garbage-first heap   total 122880K, used 67229K [0x00000000c3a00000, 0x0000000100000000)
  region size 1024K, 2 young (2048K), 2 survivors (2048K)
 Metaspace       used 18888K, committed 19136K, reserved 1114112K
  class space    used 2115K, committed 2240K, reserved 1048576K
}
Event: 147.050 GC heap before
{Heap before GC invocations=14 (full 0):
 garbage-first heap   total 122880K, used 69277K [0x00000000c3a00000, 0x0000000100000000)
  region size 1024K, 5 young (5120K), 2 survivors (2048K)
 Metaspace       used 18896K, committed 19136K, reserved 1114112K
  class space    used 2115K, committed 2240K, reserved 1048576K
}
Event: 147.052 GC heap after
{Heap after GC invocations=15 (full 0):
 garbage-first heap   total 122880K, used 67063K [0x00000000c3a00000, 0x0000000100000000)
  region size 1024K, 2 young (2048K), 2 survivors (2048K)
 Metaspace       used 18896K, committed 19136K, reserved 1114112K
  class space    used 2115K, committed 2240K, reserved 1048576K
}
Event: 172.725 GC heap before
{Heap before GC invocations=16 (full 0):
 garbage-first heap   total 122880K, used 74231K [0x00000000c3a00000, 0x0000000100000000)
  region size 1024K, 9 young (9216K), 2 survivors (2048K)
 Metaspace       used 19057K, committed 19328K, reserved 1114112K
  class space    used 2116K, committed 2240K, reserved 1048576K
}
Event: 172.726 GC heap after
{Heap after GC invocations=17 (full 0):
 garbage-first heap   total 122880K, used 68881K [0x00000000c3a00000, 0x0000000100000000)
  region size 1024K, 3 young (3072K), 3 survivors (3072K)
 Metaspace       used 19057K, committed 19328K, reserved 1114112K
  class space    used 2116K, committed 2240K, reserved 1048576K
}
Event: 635.930 GC heap before
{Heap before GC invocations=18 (full 0):
 garbage-first heap   total 122880K, used 84241K [0x00000000c3a00000, 0x0000000100000000)
  region size 1024K, 18 young (18432K), 3 survivors (3072K)
 Metaspace       used 19311K, committed 19584K, reserved 1114112K
  class space    used 2120K, committed 2240K, reserved 1048576K
}
Event: 637.695 GC heap after
{Heap after GC invocations=19 (full 0):
 garbage-first heap   total 122880K, used 70586K [0x00000000c3a00000, 0x0000000100000000)
  region size 1024K, 4 young (4096K), 4 survivors (4096K)
 Metaspace       used 19311K, committed 19584K, reserved 1114112K
  class space    used 2120K, committed 2240K, reserved 1048576K
}

