# JRE version: Java(TM) SE Runtime Environment (17.0.11+7) (build 17.0.11+7-LTS-207)
# Java VM: Java HotSpot(TM) 64-Bit Server VM (17.0.11+7-LTS-207, mixed mode, sharing, tiered, compressed oops, compressed class ptrs, g1 gc, windows-amd64)
GC Precious Log:
 CPUs: 4 total, 4 available
 Memory: 3863M
 Large Page Support: Disabled
 NUMA Support: Disabled
 Compressed Oops: Enabled (32-bit)
 Heap Region Size: 1M
 Heap Min Capacity: 8M
 Heap Initial Capacity: 62M
 Heap Max Capacity: 966M
 Pre-touch: Disabled
 Parallel Workers: 4
 Concurrent Workers: 1
 Concurrent Refinement Workers: 4
 Periodic GC: Disabled
Heap:
 garbage-first heap   total 552960K, used 312195K [0x00000000c3a00000, 0x0000000100000000)
  region size 1024K, 57 young (58368K), 7 survivors (7168K)
 Metaspace       used 26410K, committed 26624K, reserved 1114112K
  class space    used 2704K, committed 2816K, reserved 1048576K
GC Heap History (20 events):
Event: 2010.713 GC heap before
{Heap before GC invocations=52 (full 0):
 garbage-first heap   total 191488K, used 130609K [0x00000000c3a00000, 0x0000000100000000)
  region size 1024K, 3 young (3072K), 1 survivors (1024K)
 Metaspace       used 25454K, committed 25728K, reserved 1114112K
  class space    used 2676K, committed 2816K, reserved 1048576K
}
Event: 2010.715 GC heap after
{Heap after GC invocations=53 (full 0):
 garbage-first heap   total 191488K, used 129521K [0x00000000c3a00000, 0x0000000100000000)
  region size 1024K, 1 young (1024K), 1 survivors (1024K)
 Metaspace       used 25454K, committed 25728K, reserved 1114112K
  class space    used 2676K, committed 2816K, reserved 1048576K
}
Event: 2011.028 GC heap before
{Heap before GC invocations=54 (full 0):
 garbage-first heap   total 244736K, used 178673K [0x00000000c3a00000, 0x0000000100000000)
  region size 1024K, 33 young (33792K), 1 survivors (1024K)
 Metaspace       used 25517K, committed 25792K, reserved 1114112K
  class space    used 2677K, committed 2816K, reserved 1048576K
}
Event: 2011.034 GC heap after
{Heap after GC invocations=55 (full 0):
 garbage-first heap   total 244736K, used 148949K [0x00000000c3a00000, 0x0000000100000000)
  region size 1024K, 3 young (3072K), 3 survivors (3072K)
 Metaspace       used 25517K, committed 25792K, reserved 1114112K
  class space    used 2677K, committed 2816K, reserved 1048576K
}
Event: 2011.148 GC heap before
{Heap before GC invocations=55 (full 0):
 garbage-first heap   total 244736K, used 157141K [0x00000000c3a00000, 0x0000000100000000)
  region size 1024K, 11 young (11264K), 3 survivors (3072K)
 Metaspace       used 25519K, committed 25792K, reserved 1114112K
  class space    used 2677K, committed 2816K, reserved 1048576K
}
Event: 2011.152 GC heap after
{Heap after GC invocations=56 (full 0):
 garbage-first heap   total 244736K, used 148950K [0x00000000c3a00000, 0x0000000100000000)
  region size 1024K, 2 young (2048K), 2 survivors (2048K)
 Metaspace       used 25519K, committed 25792K, reserved 1114112K
  class space    used 2677K, committed 2816K, reserved 1048576K
}
Event: 5548.637 GC heap before
{Heap before GC invocations=56 (full 0):
 garbage-first heap   total 244736K, used 220630K [0x00000000c3a00000, 0x0000000100000000)
  region size 1024K, 56 young (57344K), 2 survivors (2048K)
 Metaspace       used 26047K, committed 26240K, reserved 1114112K
  class space    used 2711K, committed 2816K, reserved 1048576K
}
Event: 5548.847 GC heap after
{Heap after GC invocations=57 (full 0):
 garbage-first heap   total 244736K, used 170252K [0x00000000c3a00000, 0x0000000100000000)
  region size 1024K, 6 young (6144K), 6 survivors (6144K)
 Metaspace       used 26047K, committed 26240K, reserved 1114112K
  class space    used 2711K, committed 2816K, reserved 1048576K
}
Event: 5550.024 GC heap before
{Heap before GC invocations=58 (full 0):
 garbage-first heap   total 244736K, used 158988K [0x00000000c3a00000, 0x0000000100000000)
  region size 1024K, 43 young (44032K), 6 survivors (6144K)
 Metaspace       used 26026K, committed 26304K, reserved 1114112K
  class space    used 2701K, committed 2816K, reserved 1048576K
}
Event: 5550.183 GC heap after
{Heap after GC invocations=59 (full 0):
 garbage-first heap   total 244736K, used 118480K [0x00000000c3a00000, 0x0000000100000000)
  region size 1024K, 6 young (6144K), 6 survivors (6144K)
 Metaspace       used 26026K, committed 26304K, reserved 1114112K
  class space    used 2701K, committed 2816K, reserved 1048576K
}
Event: 5550.194 GC heap before
{Heap before GC invocations=59 (full 0):
 garbage-first heap   total 244736K, used 122576K [0x00000000c3a00000, 0x0000000100000000)
  region size 1024K, 11 young (11264K), 6 survivors (6144K)
 Metaspace       used 26027K, committed 26304K, reserved 1114112K
  class space    used 2701K, committed 2816K, reserved 1048576K
}
Event: 5550.255 GC heap after
{Heap after GC invocations=60 (full 0):
 garbage-first heap   total 244736K, used 118032K [0x00000000c3a00000, 0x0000000100000000)
  region size 1024K, 1 young (1024K), 1 survivors (1024K)
 Metaspace       used 26027K, committed 26304K, reserved 1114112K
  class space    used 2701K, committed 2816K, reserved 1048576K
}
Event: 5551.325 GC heap before
{Heap before GC invocations=60 (full 0):
 garbage-first heap   total 262144K, used 235792K [0x00000000c3a00000, 0x0000000100000000)
  region size 1024K, 79 young (80896K), 1 survivors (1024K)
 Metaspace       used 26194K, committed 26432K, reserved 1114112K
  class space    used 2701K, committed 2816K, reserved 1048576K
}
Event: 5551.392 GC heap after
{Heap after GC invocations=61 (full 0):
 garbage-first heap   total 262144K, used 163608K [0x00000000c3a00000, 0x0000000100000000)
  region size 1024K, 8 young (8192K), 8 survivors (8192K)
 Metaspace       used 26194K, committed 26432K, reserved 1114112K
  class space    used 2701K, committed 2816K, reserved 1048576K
}
Event: 5551.410 GC heap before
{Heap before GC invocations=61 (full 0):
 garbage-first heap   total 262144K, used 164632K [0x00000000c3a00000, 0x0000000100000000)
  region size 1024K, 11 young (11264K), 8 survivors (8192K)
 Metaspace       used 26195K, committed 26432K, reserved 1114112K
  class space    used 2701K, committed 2816K, reserved 1048576K
}
Event: 5551.572 GC heap after
{Heap after GC invocations=62 (full 0):
 garbage-first heap   total 552960K, used 164570K [0x00000000c3a00000, 0x0000000100000000)
  region size 1024K, 1 young (1024K), 1 survivors (1024K)
 Metaspace       used 26195K, committed 26432K, reserved 1114112K
  class space    used 2701K, committed 2816K, reserved 1048576K
}
Event: 5576.304 GC heap before
{Heap before GC invocations=62 (full 0):
 garbage-first heap   total 552960K, used 273114K [0x00000000c3a00000, 0x0000000100000000)
  region size 1024K, 92 young (94208K), 1 survivors (1024K)
 Metaspace       used 26308K, committed 26496K, reserved 1114112K
  class space    used 2704K, committed 2816K, reserved 1048576K
}
Event: 5576.322 GC heap after
{Heap after GC invocations=63 (full 0):
 garbage-first heap   total 552960K, used 189427K [0x00000000c3a00000, 0x0000000100000000)
  region size 1024K, 10 young (10240K), 10 survivors (10240K)
 Metaspace       used 26308K, committed 26496K, reserved 1114112K
  class space    used 2704K, committed 2816K, reserved 1048576K
}
Event: 5576.747 GC heap before
{Heap before GC invocations=63 (full 0):
 garbage-first heap   total 552960K, used 290803K [0x00000000c3a00000, 0x0000000100000000)
  region size 1024K, 91 young (93184K), 10 survivors (10240K)
 Metaspace       used 26360K, committed 26560K, reserved 1114112K
  class space    used 2704K, committed 2816K, reserved 1048576K
}
Event: 5576.795 GC heap after
{Heap after GC invocations=64 (full 0):
 garbage-first heap   total 552960K, used 212867K [0x00000000c3a00000, 0x0000000100000000)
  region size 1024K, 7 young (7168K), 7 survivors (7168K)
 Metaspace       used 26360K, committed 26560K, reserved 1114112K
  class space    used 2704K, committed 2816K, reserved 1048576K
}

