# JRE version: Java(TM) SE Runtime Environment (17.0.11+7) (build 17.0.11+7-LTS-207)
# Java VM: Java HotSpot(TM) 64-Bit Server VM (17.0.11+7-LTS-207, mixed mode, sharing, tiered, compressed oops, compressed class ptrs, g1 gc, windows-amd64)
GC Precious Log:
 CPUs: 4 total, 4 available
 Memory: 3863M
 Large Page Support: Disabled
 NUMA Support: Disabled
 Compressed Oops: Enabled (32-bit)
 Heap Region Size: 1M
 Heap Min Capacity: 8M
 Heap Initial Capacity: 62M
 Heap Max Capacity: 966M
 Pre-touch: Disabled
 Parallel Workers: 4
 Concurrent Workers: 1
 Concurrent Refinement Workers: 4
 Periodic GC: Disabled
Heap:
 garbage-first heap   total 65536K, used 38824K [0x00000000c3a00000, 0x0000000100000000)
  region size 1024K, 5 young (5120K), 1 survivors (1024K)
 Metaspace       used 7037K, committed 7232K, reserved 1114112K
  class space    used 756K, committed 896K, reserved 1048576K
GC Heap History (8 events):
Event: 2.259 GC heap before
{Heap before GC invocations=0 (full 0):
 garbage-first heap   total 63488K, used 23552K [0x00000000c3a00000, 0x0000000100000000)
  region size 1024K, 13 young (13312K), 0 survivors (0K)
 Metaspace       used 4539K, committed 4672K, reserved 1114112K
  class space    used 467K, committed 512K, reserved 1048576K
}
Event: 2.262 GC heap after
{Heap after GC invocations=1 (full 0):
 garbage-first heap   total 63488K, used 12600K [0x00000000c3a00000, 0x0000000100000000)
  region size 1024K, 2 young (2048K), 2 survivors (2048K)
 Metaspace       used 4539K, committed 4672K, reserved 1114112K
  class space    used 467K, committed 512K, reserved 1048576K
}
Event: 3.982 GC heap before
{Heap before GC invocations=1 (full 0):
 garbage-first heap   total 63488K, used 17720K [0x00000000c3a00000, 0x0000000100000000)
  region size 1024K, 6 young (6144K), 2 survivors (2048K)
 Metaspace       used 5308K, committed 5504K, reserved 1114112K
  class space    used 551K, committed 640K, reserved 1048576K
}
Event: 3.988 GC heap after
{Heap after GC invocations=2 (full 0):
 garbage-first heap   total 63488K, used 15274K [0x00000000c3a00000, 0x0000000100000000)
  region size 1024K, 1 young (1024K), 1 survivors (1024K)
 Metaspace       used 5308K, committed 5504K, reserved 1114112K
  class space    used 551K, committed 640K, reserved 1048576K
}
Event: 4.365 GC heap before
{Heap before GC invocations=2 (full 0):
 garbage-first heap   total 63488K, used 50090K [0x00000000c3a00000, 0x0000000100000000)
  region size 1024K, 19 young (19456K), 1 survivors (1024K)
 Metaspace       used 5320K, committed 5504K, reserved 1114112K
  class space    used 551K, committed 640K, reserved 1048576K
}
Event: 4.366 GC heap after
{Heap after GC invocations=3 (full 0):
 garbage-first heap   total 63488K, used 32379K [0x00000000c3a00000, 0x0000000100000000)
  region size 1024K, 1 young (1024K), 1 survivors (1024K)
 Metaspace       used 5320K, committed 5504K, reserved 1114112K
  class space    used 551K, committed 640K, reserved 1048576K
}
Event: 4.424 GC heap before
{Heap before GC invocations=4 (full 0):
 garbage-first heap   total 63488K, used 36475K [0x00000000c3a00000, 0x0000000100000000)
  region size 1024K, 4 young (4096K), 1 survivors (1024K)
 Metaspace       used 5320K, committed 5504K, reserved 1114112K
  class space    used 551K, committed 640K, reserved 1048576K
}
Event: 4.424 GC heap after
{Heap after GC invocations=5 (full 0):
 garbage-first heap   total 63488K, used 34728K [0x00000000c3a00000, 0x0000000100000000)
  region size 1024K, 1 young (1024K), 1 survivors (1024K)
 Metaspace       used 5320K, committed 5504K, reserved 1114112K
  class space    used 551K, committed 640K, reserved 1048576K
}

