# JRE version: Java(TM) SE Runtime Environment (17.0.11+7) (build 17.0.11+7-LTS-207)
# Java VM: Java HotSpot(TM) 64-Bit Server VM (17.0.11+7-LTS-207, mixed mode, sharing, tiered, compressed oops, compressed class ptrs, g1 gc, windows-amd64)
GC Precious Log:
 CPUs: 4 total, 4 available
 Memory: 3863M
 Large Page Support: Disabled
 NUMA Support: Disabled
 Compressed Oops: Enabled (32-bit)
 Heap Region Size: 1M
 Heap Min Capacity: 8M
 Heap Initial Capacity: 62M
 Heap Max Capacity: 966M
 Pre-touch: Disabled
 Parallel Workers: 4
 Concurrent Workers: 1
 Concurrent Refinement Workers: 4
 Periodic GC: Disabled
Heap:
 garbage-first heap   total 123904K, used 115523K [0x00000000c3a00000, 0x0000000100000000)
  region size 1024K, 2 young (2048K), 1 survivors (1024K)
 Metaspace       used 6856K, committed 7040K, reserved 1114112K
  class space    used 703K, committed 832K, reserved 1048576K
GC Heap History (6 events):
Event: 3.338 GC heap before
{Heap before GC invocations=0 (full 0):
 garbage-first heap   total 63488K, used 19456K [0x00000000c3a00000, 0x0000000100000000)
  region size 1024K, 13 young (13312K), 0 survivors (0K)
 Metaspace       used 6589K, committed 6784K, reserved 1114112K
  class space    used 703K, committed 832K, reserved 1048576K
}
Event: 3.349 GC heap after
{Heap after GC invocations=1 (full 0):
 garbage-first heap   total 63488K, used 10436K [0x00000000c3a00000, 0x0000000100000000)
  region size 1024K, 2 young (2048K), 2 survivors (2048K)
 Metaspace       used 6589K, committed 6784K, reserved 1114112K
  class space    used 703K, committed 832K, reserved 1048576K
}
Event: 4.860 GC heap before
{Heap before GC invocations=1 (full 0):
 garbage-first heap   total 63488K, used 41156K [0x00000000c3a00000, 0x0000000100000000)
  region size 1024K, 15 young (15360K), 2 survivors (2048K)
 Metaspace       used 6758K, committed 6976K, reserved 1114112K
  class space    used 703K, committed 832K, reserved 1048576K
}
Event: 4.867 GC heap after
{Heap after GC invocations=2 (full 0):
 garbage-first heap   total 63488K, used 30313K [0x00000000c3a00000, 0x0000000100000000)
  region size 1024K, 1 young (1024K), 1 survivors (1024K)
 Metaspace       used 6758K, committed 6976K, reserved 1114112K
  class space    used 703K, committed 832K, reserved 1048576K
}
Event: 5.271 GC heap before
{Heap before GC invocations=3 (full 0):
 garbage-first heap   total 63488K, used 58985K [0x00000000c3a00000, 0x0000000100000000)
  region size 1024K, 2 young (2048K), 1 survivors (1024K)
 Metaspace       used 6827K, committed 7040K, reserved 1114112K
  class space    used 703K, committed 832K, reserved 1048576K
}
Event: 5.272 GC heap after
{Heap after GC invocations=4 (full 0):
 garbage-first heap   total 63488K, used 51611K [0x00000000c3a00000, 0x0000000100000000)
  region size 1024K, 1 young (1024K), 1 survivors (1024K)
 Metaspace       used 6827K, committed 7040K, reserved 1114112K
  class space    used 703K, committed 832K, reserved 1048576K
}

